Using pre-set license
Built from '2021.3/staging' branch; Version is '2021.3.0f1 (6eacc8284459) revision 7253192'; Using compiler version '192829333'; Build Type 'Release'
OS: 'Windows 10  (10.0.19043) 64bit Professional' Language: 'pl' Physical Memory: 16334 MB
BatchMode: 1, IsHumanControllingUs: 0, StartBugReporterOnCrash: 0, Is64bit: 1, IsPro: 1

COMMAND LINE ARGUMENTS:
C:\Program Files\Unity\Hub\Editor\2021.3.0f1\Editor\Unity.exe
-adb2
-batchMode
-noUpm
-name
AssetImportWorker1
-projectPath
C:/Users/Arek/Unity-projekty/Project_arena_0405/Project-Arena-0405
-logFile
Logs/AssetImportWorker1.log
-srvPort
55719
Successfully changed project path to: C:/Users/Arek/Unity-projekty/Project_arena_0405/Project-Arena-0405
C:/Users/Arek/Unity-projekty/Project_arena_0405/Project-Arena-0405
[UnityMemory] Configuration Parameters - Can be set up in boot.config
    "memorysetup-bucket-allocator-granularity=16"
    "memorysetup-bucket-allocator-bucket-count=8"
    "memorysetup-bucket-allocator-block-size=33554432"
    "memorysetup-bucket-allocator-block-count=8"
    "memorysetup-main-allocator-block-size=16777216"
    "memorysetup-thread-allocator-block-size=16777216"
    "memorysetup-gfx-main-allocator-block-size=16777216"
    "memorysetup-gfx-thread-allocator-block-size=16777216"
    "memorysetup-cache-allocator-block-size=4194304"
    "memorysetup-typetree-allocator-block-size=2097152"
    "memorysetup-profiler-bucket-allocator-granularity=16"
    "memorysetup-profiler-bucket-allocator-bucket-count=8"
    "memorysetup-profiler-bucket-allocator-block-size=33554432"
    "memorysetup-profiler-bucket-allocator-block-count=8"
    "memorysetup-profiler-allocator-block-size=16777216"
    "memorysetup-profiler-editor-allocator-block-size=1048576"
    "memorysetup-temp-allocator-size-main=16777216"
    "memorysetup-job-temp-allocator-block-size=2097152"
    "memorysetup-job-temp-allocator-block-size-background=1048576"
    "memorysetup-job-temp-allocator-reduction-small-platforms=262144"
    "memorysetup-temp-allocator-size-background-worker=32768"
    "memorysetup-temp-allocator-size-job-worker=262144"
    "memorysetup-temp-allocator-size-preload-manager=33554432"
    "memorysetup-temp-allocator-size-nav-mesh-worker=65536"
    "memorysetup-temp-allocator-size-audio-worker=65536"
    "memorysetup-temp-allocator-size-cloud-worker=32768"
    "memorysetup-temp-allocator-size-gi-baking-worker=262144"
    "memorysetup-temp-allocator-size-gfx=262144"
Refreshing native plugins compatible for Editor in 26.52 ms, found 2 plugins.
Preloading 0 native plugins for Editor in 0.00 ms.
Initialize engine version: 2021.3.0f1 (6eacc8284459)
[Subsystems] Discovering subsystems at path C:/Program Files/Unity/Hub/Editor/2021.3.0f1/Editor/Data/Resources/UnitySubsystems
[Subsystems] Discovering subsystems at path C:/Users/Arek/Unity-projekty/Project_arena_0405/Project-Arena-0405/Assets
GfxDevice: creating device client; threaded=0; jobified=0
Direct3D:
    Version:  Direct3D 11.0 [level 11.1]
    Renderer: AMD Radeon RX 5700 XT (ID=0x731f)
    Vendor:   ATI
    VRAM:     8151 MB
    Driver:   30.0.15002.1004
Initialize mono
Mono path[0] = 'C:/Program Files/Unity/Hub/Editor/2021.3.0f1/Editor/Data/Managed'
Mono path[1] = 'C:/Program Files/Unity/Hub/Editor/2021.3.0f1/Editor/Data/MonoBleedingEdge/lib/mono/unityjit-win32'
Mono config path = 'C:/Program Files/Unity/Hub/Editor/2021.3.0f1/Editor/Data/MonoBleedingEdge/etc'
Using monoOptions --debugger-agent=transport=dt_socket,embedding=1,server=y,suspend=n,address=127.0.0.1:56788
Begin MonoManager ReloadAssembly
Registering precompiled unity dll's ...
Register platform support module: C:/Program Files/Unity/Hub/Editor/2021.3.0f1/Editor/Data/PlaybackEngines/WebGLSupport/UnityEditor.WebGL.Extensions.dll
Register platform support module: C:/Program Files/Unity/Hub/Editor/2021.3.0f1/Editor/Data/PlaybackEngines/WindowsStandaloneSupport/UnityEditor.WindowsStandalone.Extensions.dll
Registered in 0.008570 seconds.
Native extension for WindowsStandalone target not found
Native extension for WebGL target not found
Refreshing native plugins compatible for Editor in 25.15 ms, found 2 plugins.
Preloading 0 native plugins for Editor in 0.00 ms.
Mono: successfully reloaded assembly
- Completed reload, in  0.524 seconds
Domain Reload Profiling:
	ReloadAssembly (525ms)
		BeginReloadAssembly (69ms)
			ExecutionOrderSort (0ms)
			DisableScriptedObjects (0ms)
			BackupInstance (0ms)
			ReleaseScriptingObjects (0ms)
			CreateAndSetChildDomain (1ms)
		EndReloadAssembly (352ms)
			LoadAssemblies (66ms)
			RebuildTransferFunctionScriptingTraits (0ms)
			SetupTypeCache (89ms)
			ReleaseScriptCaches (0ms)
			RebuildScriptCaches (26ms)
			SetupLoadedEditorAssemblies (192ms)
				LogAssemblyErrors (0ms)
				InitializePlatformSupportModulesInManaged (9ms)
				SetLoadedEditorAssemblies (0ms)
				RefreshPlugins (25ms)
				BeforeProcessingInitializeOnLoad (1ms)
				ProcessInitializeOnLoadAttributes (118ms)
				ProcessInitializeOnLoadMethodAttributes (39ms)
				AfterProcessingInitializeOnLoad (0ms)
				EditorAssembliesLoaded (0ms)
			ExecutionOrderSort2 (0ms)
			AwakeInstancesAfterBackupRestoration (0ms)
Platform modules already initialized, skipping
Registering precompiled user dll's ...
Registered in 0.002899 seconds.
Begin MonoManager ReloadAssembly
Native extension for WindowsStandalone target not found
Native extension for WebGL target not found
Refreshing native plugins compatible for Editor in 0.33 ms, found 2 plugins.
Preloading 0 native plugins for Editor in 0.00 ms.
Mono: successfully reloaded assembly
- Completed reload, in  0.729 seconds
Domain Reload Profiling:
	ReloadAssembly (730ms)
		BeginReloadAssembly (98ms)
			ExecutionOrderSort (0ms)
			DisableScriptedObjects (5ms)
			BackupInstance (0ms)
			ReleaseScriptingObjects (0ms)
			CreateAndSetChildDomain (17ms)
		EndReloadAssembly (531ms)
			LoadAssemblies (71ms)
			RebuildTransferFunctionScriptingTraits (0ms)
			SetupTypeCache (147ms)
			ReleaseScriptCaches (0ms)
			RebuildScriptCaches (35ms)
			SetupLoadedEditorAssemblies (250ms)
				LogAssemblyErrors (0ms)
				InitializePlatformSupportModulesInManaged (6ms)
				SetLoadedEditorAssemblies (0ms)
				RefreshPlugins (0ms)
				BeforeProcessingInitializeOnLoad (52ms)
				ProcessInitializeOnLoadAttributes (161ms)
				ProcessInitializeOnLoadMethodAttributes (21ms)
				AfterProcessingInitializeOnLoad (9ms)
				EditorAssembliesLoaded (0ms)
			ExecutionOrderSort2 (0ms)
			AwakeInstancesAfterBackupRestoration (7ms)
Platform modules already initialized, skipping
========================================================================
Worker process is ready to serve import requests
Launched and connected shader compiler UnityShaderCompiler.exe after 0.04 seconds
Refreshing native plugins compatible for Editor in 0.42 ms, found 2 plugins.
Preloading 0 native plugins for Editor in 0.00 ms.
Unloading 1538 Unused Serialized files (Serialized files now loaded: 0)
Unloading 16 unused Assets / (56.4 KB). Loaded Objects now: 2007.
Memory consumption went from 69.1 MB to 69.1 MB.
Total: 3.830200 ms (FindLiveObjects: 0.237000 ms CreateObjectMapping: 0.061300 ms MarkObjects: 3.400900 ms  DeleteObjects: 0.129000 ms)

AssetImportParameters requested are different than current active one (requested -> active):
  custom:video-decoder-ogg-theora: a1e56fd34408186e4bbccfd4996cb3dc -> 
  custom:container-muxer-webm: aa71ff27fc2769a1b78a27578f13a17b -> 
  custom:container-demuxer-webm: 4f35f7cbe854078d1ac9338744f61a02 -> 
  custom:video-encoder-webm-vp8: eb34c28f22e8b96e1ab97ce403110664 -> 
  custom:audio-encoder-webm-vorbis: bf7c407c2cedff20999df2af8eb42d56 -> 
  custom:framework-win-MediaFoundation: 216162199b28c13a410421893ffa2e32 -> 
  custom:container-demuxer-ogg: 62fdf1f143b41e24485cea50d1cbac27 -> 
  custom:video-decoder-webm-vp8: 9c59270c3fd7afecdb556c50c9e8de78 -> 
  custom:audio-decoder-ogg-vorbis: bf7c407c2cedff20999df2af8eb42d56 -> 
========================================================================
Received Import Request.
  Time since last request: 1567.023503 seconds.
  path: Assets/Robot_Soldier/Robot/Textures/Rifle_Roughness.png
  artifactKey: Guid(816cad0194dde6541861597f48bc1c1a) Importer(815301076,1909f56bfc062723c751e8b465ee728b)
Start importing Assets/Robot_Soldier/Robot/Textures/Rifle_Roughness.png using Guid(816cad0194dde6541861597f48bc1c1a) Importer(815301076,1909f56bfc062723c751e8b465ee728b)  -> (artifact id: '71e6ed81490278e20e5ff7ae4961c208') in 0.108686 seconds 
========================================================================
Received Import Request.
  Time since last request: 0.000027 seconds.
  path: Assets/Robot_Soldier/Robot/Textures/Robot_Soldier_Height.png
  artifactKey: Guid(4338d209cfdc0344e857b3d2f58e1d30) Importer(815301076,1909f56bfc062723c751e8b465ee728b)
Start importing Assets/Robot_Soldier/Robot/Textures/Robot_Soldier_Height.png using Guid(4338d209cfdc0344e857b3d2f58e1d30) Importer(815301076,1909f56bfc062723c751e8b465ee728b)  -> (artifact id: '8ec8a9170ce1e28b761bbfd38392a601') in 0.033948 seconds 
========================================================================
Received Import Request.
  Time since last request: 0.000022 seconds.
  path: Assets/Robot_Soldier/Robot/Textures/Robot_Soldier_BaseColorCamo1.png
  artifactKey: Guid(3594afafdf98a9a4caa42c6ed5755303) Importer(815301076,1909f56bfc062723c751e8b465ee728b)
Start importing Assets/Robot_Soldier/Robot/Textures/Robot_Soldier_BaseColorCamo1.png using Guid(3594afafdf98a9a4caa42c6ed5755303) Importer(815301076,1909f56bfc062723c751e8b465ee728b)  -> (artifact id: 'f86ab22a794bb5fc3708f25ab244efae') in 0.019059 seconds 
========================================================================
Received Import Request.
  Time since last request: 0.000019 seconds.
  path: Assets/Robot_Soldier/Robot/Textures/Rifle_Normal.png
  artifactKey: Guid(e8c0cf4fa1c3e184b9ba59c8a5ed25a0) Importer(815301076,1909f56bfc062723c751e8b465ee728b)
Start importing Assets/Robot_Soldier/Robot/Textures/Rifle_Normal.png using Guid(e8c0cf4fa1c3e184b9ba59c8a5ed25a0) Importer(815301076,1909f56bfc062723c751e8b465ee728b)  -> (artifact id: '618753a3b1b7d98dab38e21d97dac52e') in 0.040456 seconds 
========================================================================
Received Import Request.
  Time since last request: 0.000018 seconds.
  path: Assets/Robot_Soldier/Robot/Textures/Robot_Soldier_Normal.png
  artifactKey: Guid(01ee70f6ccb688e49a9cbd22dac00b24) Importer(815301076,1909f56bfc062723c751e8b465ee728b)
Start importing Assets/Robot_Soldier/Robot/Textures/Robot_Soldier_Normal.png using Guid(01ee70f6ccb688e49a9cbd22dac00b24) Importer(815301076,1909f56bfc062723c751e8b465ee728b)  -> (artifact id: '322b1c2fae551547939375e94d29597e') in 0.031738 seconds 
========================================================================
Received Prepare
Registering precompiled user dll's ...
Registered in 0.002598 seconds.
Begin MonoManager ReloadAssembly
Native extension for WindowsStandalone target not found
Native extension for WebGL target not found
Refreshing native plugins compatible for Editor in 0.33 ms, found 2 plugins.
Preloading 0 native plugins for Editor in 0.00 ms.
Mono: successfully reloaded assembly
- Completed reload, in  0.714 seconds
Domain Reload Profiling:
	ReloadAssembly (714ms)
		BeginReloadAssembly (103ms)
			ExecutionOrderSort (0ms)
			DisableScriptedObjects (4ms)
			BackupInstance (0ms)
			ReleaseScriptingObjects (0ms)
			CreateAndSetChildDomain (23ms)
		EndReloadAssembly (522ms)
			LoadAssemblies (68ms)
			RebuildTransferFunctionScriptingTraits (0ms)
			SetupTypeCache (134ms)
			ReleaseScriptCaches (1ms)
			RebuildScriptCaches (30ms)
			SetupLoadedEditorAssemblies (258ms)
				LogAssemblyErrors (0ms)
				InitializePlatformSupportModulesInManaged (12ms)
				SetLoadedEditorAssemblies (0ms)
				RefreshPlugins (0ms)
				BeforeProcessingInitializeOnLoad (41ms)
				ProcessInitializeOnLoadAttributes (173ms)
				ProcessInitializeOnLoadMethodAttributes (21ms)
				AfterProcessingInitializeOnLoad (10ms)
				EditorAssembliesLoaded (0ms)
			ExecutionOrderSort2 (0ms)
			AwakeInstancesAfterBackupRestoration (7ms)
Platform modules already initialized, skipping
Refreshing native plugins compatible for Editor in 1.06 ms, found 2 plugins.
Preloading 0 native plugins for Editor in 0.00 ms.
Unloading 1532 Unused Serialized files (Serialized files now loaded: 0)
Unloading 9 unused Assets / (24.6 KB). Loaded Objects now: 2015.
Memory consumption went from 72.8 MB to 72.8 MB.
Total: 2.342700 ms (FindLiveObjects: 0.147900 ms CreateObjectMapping: 0.033700 ms MarkObjects: 2.148100 ms  DeleteObjects: 0.011800 ms)

AssetImportParameters requested are different than current active one (requested -> active):
  custom:video-decoder-ogg-theora: a1e56fd34408186e4bbccfd4996cb3dc -> 
  custom:container-muxer-webm: aa71ff27fc2769a1b78a27578f13a17b -> 
  custom:container-demuxer-webm: 4f35f7cbe854078d1ac9338744f61a02 -> 
  custom:video-encoder-webm-vp8: eb34c28f22e8b96e1ab97ce403110664 -> 
  custom:audio-encoder-webm-vorbis: bf7c407c2cedff20999df2af8eb42d56 -> 
  custom:framework-win-MediaFoundation: 216162199b28c13a410421893ffa2e32 -> 
  custom:container-demuxer-ogg: 62fdf1f143b41e24485cea50d1cbac27 -> 
  custom:video-decoder-webm-vp8: 9c59270c3fd7afecdb556c50c9e8de78 -> 
  custom:audio-decoder-ogg-vorbis: bf7c407c2cedff20999df2af8eb42d56 -> 
========================================================================
Received Import Request.
  Time since last request: 499.683421 seconds.
  path: Assets/Robot_Soldier/Robot/Animations/Idle.fbx
  artifactKey: Guid(b833256664333e14d8cdc0adad0d5260) Importer(815301076,1909f56bfc062723c751e8b465ee728b)
Start importing Assets/Robot_Soldier/Robot/Animations/Idle.fbx using Guid(b833256664333e14d8cdc0adad0d5260) Importer(815301076,1909f56bfc062723c751e8b465ee728b)  -> (artifact id: '8ea5a36a1ac2815bb4651ab09f3dcc7f') in 0.130064 seconds 
========================================================================
Received Import Request.
  Time since last request: 0.000016 seconds.
  path: Assets/Robot_Soldier/Robot/Animations/Running.fbx
  artifactKey: Guid(e8727c166b7779346aea9743cc0a58b5) Importer(815301076,1909f56bfc062723c751e8b465ee728b)
Start importing Assets/Robot_Soldier/Robot/Animations/Running.fbx using Guid(e8727c166b7779346aea9743cc0a58b5) Importer(815301076,1909f56bfc062723c751e8b465ee728b)  -> (artifact id: '3e11106c3b869dba6091bb04285ae188') in 0.053919 seconds 
========================================================================
Received Import Request.
  Time since last request: 0.808665 seconds.
  path: Assets/Robot_Soldier/Robot/Materials/Rifle_Metallic.mat
  artifactKey: Guid(515f0c71b09af02408b80fc462957960) Importer(815301076,1909f56bfc062723c751e8b465ee728b)
Start importing Assets/Robot_Soldier/Robot/Materials/Rifle_Metallic.mat using Guid(515f0c71b09af02408b80fc462957960) Importer(815301076,1909f56bfc062723c751e8b465ee728b)  -> (artifact id: 'f9822b1273f9865f5bf248531b1d646e') in 0.061547 seconds 
========================================================================
Received Import Request.
  Time since last request: 0.000019 seconds.
  path: Assets/Robot_Soldier/Robot/Materials/Robot_Soldier_Metallic 1.mat
  artifactKey: Guid(7bb8cff1afd23a54588a3b000ed7b005) Importer(815301076,1909f56bfc062723c751e8b465ee728b)
Start importing Assets/Robot_Soldier/Robot/Materials/Robot_Soldier_Metallic 1.mat using Guid(7bb8cff1afd23a54588a3b000ed7b005) Importer(815301076,1909f56bfc062723c751e8b465ee728b)  -> (artifact id: 'a759423125a1632b271eda8114aff228') in 0.020833 seconds 
========================================================================
Received Import Request.
  Time since last request: 0.000023 seconds.
  path: Assets/Robot_Soldier/Robot/Materials/Robot_Soldier_BaseColorB.mat
  artifactKey: Guid(b70ffa20dddc2d64a8351969fb297bfd) Importer(815301076,1909f56bfc062723c751e8b465ee728b)
Start importing Assets/Robot_Soldier/Robot/Materials/Robot_Soldier_BaseColorB.mat using Guid(b70ffa20dddc2d64a8351969fb297bfd) Importer(815301076,1909f56bfc062723c751e8b465ee728b)  -> (artifact id: 'ca50a68c71e21e9e80b078bcd0987c5f') in 0.016596 seconds 
========================================================================
Received Import Request.
  Time since last request: 0.000015 seconds.
  path: Assets/Robot_Soldier/Robot/Materials/Robot_Soldier_Roughness.mat
  artifactKey: Guid(fc5b44ac54571614e9924ca1d1381e44) Importer(815301076,1909f56bfc062723c751e8b465ee728b)
Start importing Assets/Robot_Soldier/Robot/Materials/Robot_Soldier_Roughness.mat using Guid(fc5b44ac54571614e9924ca1d1381e44) Importer(815301076,1909f56bfc062723c751e8b465ee728b)  -> (artifact id: '02c8241cb2e0248614129d19f0be4b5b') in 0.018408 seconds 
========================================================================
Received Import Request.
  Time since last request: 0.000024 seconds.
  path: Assets/Robot_Soldier/Robot/Materials/Robot_Soldier_BaseColor.mat
  artifactKey: Guid(c86b46fd36fb14a418ebbdcad0e64831) Importer(815301076,1909f56bfc062723c751e8b465ee728b)
Start importing Assets/Robot_Soldier/Robot/Materials/Robot_Soldier_BaseColor.mat using Guid(c86b46fd36fb14a418ebbdcad0e64831) Importer(815301076,1909f56bfc062723c751e8b465ee728b)  -> (artifact id: '4065e49fa18a15766d88ea876bd46d7c') in 0.019395 seconds 
========================================================================
Received Import Request.
  Time since last request: 0.000025 seconds.
  path: Assets/Robot_Soldier/Robot/Materials/Robot_Soldier_Occlusion.mat
  artifactKey: Guid(5ef3516c22209cc46b71a1bc86323050) Importer(815301076,1909f56bfc062723c751e8b465ee728b)
Start importing Assets/Robot_Soldier/Robot/Materials/Robot_Soldier_Occlusion.mat using Guid(5ef3516c22209cc46b71a1bc86323050) Importer(815301076,1909f56bfc062723c751e8b465ee728b)  -> (artifact id: '942b975a500e5fa327d6c8e267e8e128') in 0.016155 seconds 
========================================================================
Received Import Request.
  Time since last request: 0.000017 seconds.
  path: Assets/Robot_Soldier/Robot/Materials/Robot_Soldier_BaseColorW 1.mat
  artifactKey: Guid(075e34252148622418a11a8700cbb0cc) Importer(815301076,1909f56bfc062723c751e8b465ee728b)
Start importing Assets/Robot_Soldier/Robot/Materials/Robot_Soldier_BaseColorW 1.mat using Guid(075e34252148622418a11a8700cbb0cc) Importer(815301076,1909f56bfc062723c751e8b465ee728b)  -> (artifact id: '75688ec9f00ba7d55352c7bc86ba67c8') in 0.057995 seconds 
========================================================================
Received Import Request.
  Time since last request: 0.000014 seconds.
  path: Assets/Robot_Soldier/Robot/Materials/Robot_Soldier_BaseColorR.mat
  artifactKey: Guid(0eeaf80008eb9a74ab6c999f1dcd22bb) Importer(815301076,1909f56bfc062723c751e8b465ee728b)
Start importing Assets/Robot_Soldier/Robot/Materials/Robot_Soldier_BaseColorR.mat using Guid(0eeaf80008eb9a74ab6c999f1dcd22bb) Importer(815301076,1909f56bfc062723c751e8b465ee728b)  -> (artifact id: '1ccc1d8f471b29c86d2b233f880b652a') in 0.016745 seconds 
========================================================================
Received Import Request.
  Time since last request: 0.000013 seconds.
  path: Assets/Robot_Soldier/Robot/Materials/Rifle_Occlusion.mat
  artifactKey: Guid(c553ebba6a5b3e642af336d0d11c3fdd) Importer(815301076,1909f56bfc062723c751e8b465ee728b)
Start importing Assets/Robot_Soldier/Robot/Materials/Rifle_Occlusion.mat using Guid(c553ebba6a5b3e642af336d0d11c3fdd) Importer(815301076,1909f56bfc062723c751e8b465ee728b)  -> (artifact id: '7208181160a2db7a66f8a2eea7224175') in 0.011956 seconds 
========================================================================
Received Import Request.
  Time since last request: 0.000020 seconds.
  path: Assets/Robot_Soldier/Robot/Materials/Robot_Soldier_Emissive 2.mat
  artifactKey: Guid(0ac79453dbcaf0246b53ceb2c8942c96) Importer(815301076,1909f56bfc062723c751e8b465ee728b)
Start importing Assets/Robot_Soldier/Robot/Materials/Robot_Soldier_Emissive 2.mat using Guid(0ac79453dbcaf0246b53ceb2c8942c96) Importer(815301076,1909f56bfc062723c751e8b465ee728b)  -> (artifact id: '31af38c7988a7f1c8ef4ef7261e00d4e') in 0.015918 seconds 
========================================================================
Received Import Request.
  Time since last request: 0.000021 seconds.
  path: Assets/Robot_Soldier/Robot/Materials/Rifle_Normal.mat
  artifactKey: Guid(f23f9bfbf8c9b8e42bd5913e311f319b) Importer(815301076,1909f56bfc062723c751e8b465ee728b)
Start importing Assets/Robot_Soldier/Robot/Materials/Rifle_Normal.mat using Guid(f23f9bfbf8c9b8e42bd5913e311f319b) Importer(815301076,1909f56bfc062723c751e8b465ee728b)  -> (artifact id: '0eb1f22c403c11f9fe77a6415bce00d4') in 0.016146 seconds 
========================================================================
Received Import Request.
  Time since last request: 0.000015 seconds.
  path: Assets/Robot_Soldier/Robot/Materials/Robot_Soldier_Emissive 1.mat
  artifactKey: Guid(8269ca253f6fb7942b45b86d1067b41e) Importer(815301076,1909f56bfc062723c751e8b465ee728b)
Start importing Assets/Robot_Soldier/Robot/Materials/Robot_Soldier_Emissive 1.mat using Guid(8269ca253f6fb7942b45b86d1067b41e) Importer(815301076,1909f56bfc062723c751e8b465ee728b)  -> (artifact id: '27028606f59efa4c28a9c167d64e554d') in 0.016540 seconds 
========================================================================
Received Import Request.
  Time since last request: 0.000019 seconds.
  path: Assets/Robot_Soldier/Robot/Materials/Robot_Soldier_Normal 1.mat
  artifactKey: Guid(7a989e5bced57b14083668886a069b4a) Importer(815301076,1909f56bfc062723c751e8b465ee728b)
Start importing Assets/Robot_Soldier/Robot/Materials/Robot_Soldier_Normal 1.mat using Guid(7a989e5bced57b14083668886a069b4a) Importer(815301076,1909f56bfc062723c751e8b465ee728b)  -> (artifact id: 'ea06a5fbfa5df2344786478988febc79') in 0.029632 seconds 
========================================================================
Received Import Request.
  Time since last request: 0.000050 seconds.
  path: Assets/Robot_Soldier/Robot/Materials/Robot_Soldier_Metallic.mat
  artifactKey: Guid(b70d89efbdab18849a5ad675fc52a61c) Importer(815301076,1909f56bfc062723c751e8b465ee728b)
Start importing Assets/Robot_Soldier/Robot/Materials/Robot_Soldier_Metallic.mat using Guid(b70d89efbdab18849a5ad675fc52a61c) Importer(815301076,1909f56bfc062723c751e8b465ee728b)  -> (artifact id: '7dd5c24dfbf1017aac8c0b75c16bde43') in 0.015581 seconds 
========================================================================
Received Import Request.
  Time since last request: 0.000016 seconds.
  path: Assets/Robot_Soldier/Robot/Materials/Robot_Soldier_Height.mat
  artifactKey: Guid(6a13df477d9e66e4db41b0e30524994f) Importer(815301076,1909f56bfc062723c751e8b465ee728b)
Start importing Assets/Robot_Soldier/Robot/Materials/Robot_Soldier_Height.mat using Guid(6a13df477d9e66e4db41b0e30524994f) Importer(815301076,1909f56bfc062723c751e8b465ee728b)  -> (artifact id: '646693e705932dc0f55eb1a77dcf77e3') in 0.014177 seconds 
========================================================================
Received Prepare
Registering precompiled user dll's ...
Registered in 0.002549 seconds.
Begin MonoManager ReloadAssembly
Native extension for WindowsStandalone target not found
Native extension for WebGL target not found
Refreshing native plugins compatible for Editor in 0.38 ms, found 2 plugins.
Preloading 0 native plugins for Editor in 0.00 ms.
Mono: successfully reloaded assembly
- Completed reload, in  0.769 seconds
Domain Reload Profiling:
	ReloadAssembly (770ms)
		BeginReloadAssembly (109ms)
			ExecutionOrderSort (0ms)
			DisableScriptedObjects (3ms)
			BackupInstance (0ms)
			ReleaseScriptingObjects (0ms)
			CreateAndSetChildDomain (24ms)
		EndReloadAssembly (564ms)
			LoadAssemblies (77ms)
			RebuildTransferFunctionScriptingTraits (0ms)
			SetupTypeCache (152ms)
			ReleaseScriptCaches (1ms)
			RebuildScriptCaches (32ms)
			SetupLoadedEditorAssemblies (276ms)
				LogAssemblyErrors (0ms)
				InitializePlatformSupportModulesInManaged (15ms)
				SetLoadedEditorAssemblies (1ms)
				RefreshPlugins (0ms)
				BeforeProcessingInitializeOnLoad (51ms)
				ProcessInitializeOnLoadAttributes (180ms)
				ProcessInitializeOnLoadMethodAttributes (19ms)
				AfterProcessingInitializeOnLoad (10ms)
				EditorAssembliesLoaded (0ms)
			ExecutionOrderSort2 (0ms)
			AwakeInstancesAfterBackupRestoration (7ms)
Platform modules already initialized, skipping
Refreshing native plugins compatible for Editor in 1.01 ms, found 2 plugins.
Preloading 0 native plugins for Editor in 0.00 ms.
Unloading 1533 Unused Serialized files (Serialized files now loaded: 0)
Unloading 9 unused Assets / (24.6 KB). Loaded Objects now: 2060.
Memory consumption went from 73.3 MB to 73.3 MB.
Total: 2.112600 ms (FindLiveObjects: 0.121800 ms CreateObjectMapping: 0.033300 ms MarkObjects: 1.946300 ms  DeleteObjects: 0.010500 ms)

AssetImportParameters requested are different than current active one (requested -> active):
  custom:video-decoder-ogg-theora: a1e56fd34408186e4bbccfd4996cb3dc -> 
  custom:container-muxer-webm: aa71ff27fc2769a1b78a27578f13a17b -> 
  custom:container-demuxer-webm: 4f35f7cbe854078d1ac9338744f61a02 -> 
  custom:video-encoder-webm-vp8: eb34c28f22e8b96e1ab97ce403110664 -> 
  custom:audio-encoder-webm-vorbis: bf7c407c2cedff20999df2af8eb42d56 -> 
  custom:framework-win-MediaFoundation: 216162199b28c13a410421893ffa2e32 -> 
  custom:container-demuxer-ogg: 62fdf1f143b41e24485cea50d1cbac27 -> 
  custom:video-decoder-webm-vp8: 9c59270c3fd7afecdb556c50c9e8de78 -> 
  custom:audio-decoder-ogg-vorbis: bf7c407c2cedff20999df2af8eb42d56 -> 
Editor requested this worker to shutdown with reason: Scaling down because of idle timeout
AssetImportWorker is now disconnected from the server
Process exiting
Exiting without the bug reporter. Application will terminate with return code 0